{
  "stats": {
    "suites": 1,
    "tests": 1,
    "passes": 1,
    "pending": 0,
    "failures": 0,
    "start": "2024-11-05T16:20:09.054Z",
    "end": "2024-11-05T16:20:13.815Z",
    "duration": 4761,
    "testsRegistered": 1,
    "passPercent": 100,
    "pendingPercent": 0,
    "other": 0,
    "hasOther": false,
    "skipped": 0,
    "hasSkipped": false
  },
  "results": [
    {
      "uuid": "4a70b470-5373-4867-8d3d-a7e51223b5d8",
      "title": "",
      "fullFile": "cypress\\e2e\\cadastro.cy.js",
      "file": "cypress\\e2e\\cadastro.cy.js",
      "beforeHooks": [],
      "afterHooks": [],
      "tests": [],
      "suites": [
        {
          "uuid": "77d1e215-0834-4aa4-9d31-1a99fa989a78",
          "title": "Teste de Fluxo de Cadastro",
          "fullFile": "",
          "file": "",
          "beforeHooks": [],
          "afterHooks": [],
          "tests": [
            {
              "title": "Deve fazer cadastro com sucesso",
              "fullTitle": "Teste de Fluxo de Cadastro Deve fazer cadastro com sucesso",
              "timedOut": null,
              "duration": 4693,
              "state": "passed",
              "speed": "fast",
              "pass": true,
              "fail": false,
              "pending": false,
              "context": null,
              "code": "_home.default.openMenu('Account');\n_cadastro.cadastroPage.preencherCadastroComEmailUnico(firstName, lastName, phoneNumber, password, reEnterPassword);\n_home.default.openMenu('Account');\n_profile.profilePage.customerName().should('have.text', 'Joyce Fernanda');",
              "err": {},
              "uuid": "17d25b36-bdab-4dfb-8e4b-2cecec313dd8",
              "parentUUID": "77d1e215-0834-4aa4-9d31-1a99fa989a78",
              "isHook": false,
              "skipped": false
            }
          ],
          "suites": [],
          "passes": [
            "17d25b36-bdab-4dfb-8e4b-2cecec313dd8"
          ],
          "failures": [],
          "pending": [],
          "skipped": [],
          "duration": 4693,
          "root": false,
          "rootEmpty": false,
          "_timeout": 2000
        }
      ],
      "passes": [],
      "failures": [],
      "pending": [],
      "skipped": [],
      "duration": 0,
      "root": true,
      "rootEmpty": true,
      "_timeout": 2000
    }
  ],
  "meta": {
    "mocha": {
      "version": "7.0.1"
    },
    "mochawesome": {
      "options": {
        "quiet": false,
        "reportFilename": "[name]-result",
        "saveHtml": false,
        "saveJson": true,
        "consoleReporter": "spec",
        "useInlineDiffs": false,
        "code": true
      },
      "version": "7.1.3"
    },
    "marge": {
      "options": {
        "reportFilename": "[name]-result",
        "html": false
      },
      "version": "6.2.0"
    }
  }
}