{
  "stats": {
    "suites": 3,
    "tests": 5,
    "passes": 5,
    "pending": 0,
    "failures": 0,
    "testsRegistered": 5,
    "passPercent": 100,
    "pendingPercent": 0,
    "other": 0,
    "hasOther": false,
    "skipped": 0,
    "hasSkipped": false,
    "start": "2024-11-05T16:20:09.054Z",
    "end": "2024-11-05T16:20:32.814Z",
    "duration": 23760
  },
  "results": [
    {
      "uuid": "4a70b470-5373-4867-8d3d-a7e51223b5d8",
      "title": "",
      "fullFile": "cypress\\e2e\\cadastro.cy.js",
      "file": "cypress\\e2e\\cadastro.cy.js",
      "beforeHooks": [],
      "afterHooks": [],
      "tests": [],
      "suites": [
        {
          "uuid": "77d1e215-0834-4aa4-9d31-1a99fa989a78",
          "title": "Teste de Fluxo de Cadastro",
          "fullFile": "",
          "file": "",
          "beforeHooks": [],
          "afterHooks": [],
          "tests": [
            {
              "title": "Deve fazer cadastro com sucesso",
              "fullTitle": "Teste de Fluxo de Cadastro Deve fazer cadastro com sucesso",
              "timedOut": null,
              "duration": 4693,
              "state": "passed",
              "speed": "fast",
              "pass": true,
              "fail": false,
              "pending": false,
              "context": null,
              "code": "_home.default.openMenu('Account');\n_cadastro.cadastroPage.preencherCadastroComEmailUnico(firstName, lastName, phoneNumber, password, reEnterPassword);\n_home.default.openMenu('Account');\n_profile.profilePage.customerName().should('have.text', 'Joyce Fernanda');",
              "err": {},
              "uuid": "17d25b36-bdab-4dfb-8e4b-2cecec313dd8",
              "parentUUID": "77d1e215-0834-4aa4-9d31-1a99fa989a78",
              "isHook": false,
              "skipped": false
            }
          ],
          "suites": [],
          "passes": [
            "17d25b36-bdab-4dfb-8e4b-2cecec313dd8"
          ],
          "failures": [],
          "pending": [],
          "skipped": [],
          "duration": 4693,
          "root": false,
          "rootEmpty": false,
          "_timeout": 2000
        }
      ],
      "passes": [],
      "failures": [],
      "pending": [],
      "skipped": [],
      "duration": 0,
      "root": true,
      "rootEmpty": true,
      "_timeout": 2000
    },
    {
      "uuid": "02602669-27c4-44ab-92fa-8951292af39d",
      "title": "",
      "fullFile": "cypress\\e2e\\carrinho.cy.js",
      "file": "cypress\\e2e\\carrinho.cy.js",
      "beforeHooks": [],
      "afterHooks": [],
      "tests": [],
      "suites": [
        {
          "uuid": "73c0cda7-c76b-4ab2-9f23-75f620f0c8fa",
          "title": "Teste do Carrinho de Compras",
          "fullFile": "",
          "file": "",
          "beforeHooks": [],
          "afterHooks": [],
          "tests": [
            {
              "title": "Deve adicionar um item ao carrinho",
              "fullTitle": "Teste do Carrinho de Compras Deve adicionar um item ao carrinho",
              "timedOut": null,
              "duration": 3388,
              "state": "passed",
              "speed": "fast",
              "pass": true,
              "fail": false,
              "pending": false,
              "context": null,
              "code": "cy.intercept('GET', '/public/getCart?userId=671a67e8094935897eaf99e0', {\n  fixture: 'carrinho.json'\n}).as('getCart');\ncy.addToCart();",
              "err": {},
              "uuid": "968a4978-d789-4ff9-a14a-9120f44cc5bb",
              "parentUUID": "73c0cda7-c76b-4ab2-9f23-75f620f0c8fa",
              "isHook": false,
              "skipped": false
            },
            {
              "title": "Deve atualizar a quantidade de um item no carrinho",
              "fullTitle": "Teste do Carrinho de Compras Deve atualizar a quantidade de um item no carrinho",
              "timedOut": null,
              "duration": 2359,
              "state": "passed",
              "speed": "fast",
              "pass": true,
              "fail": false,
              "pending": false,
              "context": null,
              "code": "cy.intercept('PUT', '/public/updateCart/671a67e8094935897eaf99e0').as('addToCart');\ncy.addToCart();\ncy.wait('@addToCart');\ncy.updateCart();",
              "err": {},
              "uuid": "367fc3d6-88c7-4273-8bf7-8f2e1920cbe7",
              "parentUUID": "73c0cda7-c76b-4ab2-9f23-75f620f0c8fa",
              "isHook": false,
              "skipped": false
            },
            {
              "title": "Deve remover um item do carrinho",
              "fullTitle": "Teste do Carrinho de Compras Deve remover um item do carrinho",
              "timedOut": null,
              "duration": 2082,
              "state": "passed",
              "speed": "fast",
              "pass": true,
              "fail": false,
              "pending": false,
              "context": null,
              "code": "cy.addToCart();\ncy.intercept('PUT', '/public/updateCart/671a67e8094935897eaf99e0', {\n  fixture: 'carrinho.json'\n}).as('removeFromCart');\ncy.removeFromCart();",
              "err": {},
              "uuid": "a6aaaaec-9a1f-40d0-bd58-7f9ad72d3123",
              "parentUUID": "73c0cda7-c76b-4ab2-9f23-75f620f0c8fa",
              "isHook": false,
              "skipped": false
            }
          ],
          "suites": [],
          "passes": [
            "968a4978-d789-4ff9-a14a-9120f44cc5bb",
            "367fc3d6-88c7-4273-8bf7-8f2e1920cbe7",
            "a6aaaaec-9a1f-40d0-bd58-7f9ad72d3123"
          ],
          "failures": [],
          "pending": [],
          "skipped": [],
          "duration": 7829,
          "root": false,
          "rootEmpty": false,
          "_timeout": 2000
        }
      ],
      "passes": [],
      "failures": [],
      "pending": [],
      "skipped": [],
      "duration": 0,
      "root": true,
      "rootEmpty": true,
      "_timeout": 2000
    },
    {
      "uuid": "3802ca5b-0934-40f2-bcac-68ac364ad3c8",
      "title": "",
      "fullFile": "cypress\\e2e\\checkout.cy.js",
      "file": "cypress\\e2e\\checkout.cy.js",
      "beforeHooks": [],
      "afterHooks": [],
      "tests": [],
      "suites": [
        {
          "uuid": "25a1edc8-304f-45ac-a199-e50b3c008e8b",
          "title": "Teste de Login",
          "fullFile": "",
          "file": "",
          "beforeHooks": [],
          "afterHooks": [],
          "tests": [
            {
              "title": "Deve abrir o menu e fazer login",
              "fullTitle": "Teste de Login Deve abrir o menu e fazer login",
              "timedOut": null,
              "duration": 6695,
              "state": "passed",
              "speed": "medium",
              "pass": true,
              "fail": false,
              "pending": false,
              "context": null,
              "code": "cy.openMenu('Account');\ncy.login();\ncy.addToCart();\ncy.completeCheckoutWithNewAddress();\ncy.goBackHome();",
              "err": {},
              "uuid": "a7c6714f-7566-4fd1-add5-ff9b57df2050",
              "parentUUID": "25a1edc8-304f-45ac-a199-e50b3c008e8b",
              "isHook": false,
              "skipped": false
            }
          ],
          "suites": [],
          "passes": [
            "a7c6714f-7566-4fd1-add5-ff9b57df2050"
          ],
          "failures": [],
          "pending": [],
          "skipped": [],
          "duration": 6695,
          "root": false,
          "rootEmpty": false,
          "_timeout": 2000
        }
      ],
      "passes": [],
      "failures": [],
      "pending": [],
      "skipped": [],
      "duration": 0,
      "root": true,
      "rootEmpty": true,
      "_timeout": 2000
    }
  ],
  "meta": {
    "mocha": {
      "version": "7.0.1"
    },
    "mochawesome": {
      "options": {
        "quiet": false,
        "reportFilename": "[name]-result",
        "saveHtml": false,
        "saveJson": true,
        "consoleReporter": "spec",
        "useInlineDiffs": false,
        "code": true
      },
      "version": "7.1.3"
    },
    "marge": {
      "options": {
        "reportFilename": "[name]-result",
        "html": false
      },
      "version": "6.2.0"
    }
  }
}